<?xml version="1.0" encoding="UTF-8" ?>
<testsuite tests="2" failures="1" name="org.apache.catalina.tribes.group.interceptors.TestOrderInterceptor" time="3.278" errors="1" skipped="0">
  <properties>
[...]
</properties>
  <testcase classname="org.apache.catalina.tribes.group.interceptors.TestOrderInterceptor" name="testOrder1" time="1.619">
    <error message="No destination given; No faulty members identified." type="org.apache.catalina.tribes.ChannelException">org.apache.catalina.tribes.ChannelException: No destination given; No faulty members identified.
	at org.apache.catalina.tribes.group.GroupChannel.send(GroupChannel.java:194)
	at org.apache.catalina.tribes.group.GroupChannel.send(GroupChannel.java:175)
	at org.apache.catalina.tribes.group.interceptors.TestOrderInterceptor.testOrder1(TestOrderInterceptor.java:92)
	at sun.reflect.NativeMethodAccessorImpl.invoke0(Native Method)
	at sun.reflect.NativeMethodAccessorImpl.invoke(NativeMethodAccessorImpl.java:62)
	at sun.reflect.DelegatingMethodAccessorImpl.invoke(DelegatingMethodAccessorImpl.java:43)
	at java.lang.reflect.Method.invoke(Method.java:497)
	at org.junit.runners.model.FrameworkMethod$1.runReflectiveCall(FrameworkMethod.java:50)
	at org.junit.internal.runners.model.ReflectiveCallable.run(ReflectiveCallable.java:12)
	at org.junit.runners.model.FrameworkMethod.invokeExplosively(FrameworkMethod.java:47)
	at org.junit.internal.runners.statements.InvokeMethod.evaluate(InvokeMethod.java:17)
	at org.junit.internal.runners.statements.RunBefores.evaluate(RunBefores.java:26)
	at org.junit.internal.runners.statements.RunAfters.evaluate(RunAfters.java:27)
	at org.junit.runners.ParentRunner.runLeaf(ParentRunner.java:325)
	at org.junit.runners.BlockJUnit4ClassRunner.runChild(BlockJUnit4ClassRunner.java:78)
	at org.junit.runners.BlockJUnit4ClassRunner.runChild(BlockJUnit4ClassRunner.java:57)
	at org.junit.runners.ParentRunner$3.run(ParentRunner.java:290)
	at org.junit.runners.ParentRunner$1.schedule(ParentRunner.java:71)
	at org.junit.runners.ParentRunner.runChildren(ParentRunner.java:288)
	at org.junit.runners.ParentRunner.access$000(ParentRunner.java:58)
	at org.junit.runners.ParentRunner$2.evaluate(ParentRunner.java:268)
	at org.junit.runners.ParentRunner.run(ParentRunner.java:363)
	at org.apache.maven.surefire.junit4.JUnit4Provider.execute(JUnit4Provider.java:252)
	at org.apache.maven.surefire.junit4.JUnit4Provider.executeTestSet(JUnit4Provider.java:141)
	at org.apache.maven.surefire.junit4.JUnit4Provider.invoke(JUnit4Provider.java:112)
	at sun.reflect.NativeMethodAccessorImpl.invoke0(Native Method)
	at sun.reflect.NativeMethodAccessorImpl.invoke(NativeMethodAccessorImpl.java:62)
	at sun.reflect.DelegatingMethodAccessorImpl.invoke(DelegatingMethodAccessorImpl.java:43)
	at java.lang.reflect.Method.invoke(Method.java:497)
	at org.apache.maven.surefire.util.ReflectionUtils.invokeMethodWithArray(ReflectionUtils.java:189)
	at org.apache.maven.surefire.booter.ProviderFactory$ProviderProxy.invoke(ProviderFactory.java:165)
	at org.apache.maven.surefire.booter.ProviderFactory.invokeProvider(ProviderFactory.java:85)
	at org.apache.maven.surefire.booter.ForkedBooter.runSuitesInProcess(ForkedBooter.java:115)
	at org.apache.maven.surefire.booter.ForkedBooter.main(ForkedBooter.java:75)
</error>
    <system-out>Setup
tearDown
</system-out>
    <system-err>Nov 16, 2017 3:09:18 PM org.apache.catalina.tribes.transport.ReceiverBase bind
INFORMATION: Receiver Server Socket bound to:/192.168.99.1:4020
Nov 16, 2017 3:09:18 PM org.apache.catalina.tribes.membership.McastServiceImpl setupSocket
INFORMATION: Setting cluster mcast soTimeout to 500
org.apache.catalina.tribes.ChannelException: java.net.SocketException: Can&apos;t assign requested address; No faulty members identified.
	at org.apache.catalina.tribes.group.ChannelCoordinator.internalStart(ChannelCoordinator.java:167)
	at org.apache.catalina.tribes.group.ChannelCoordinator.start(ChannelCoordinator.java:95)
	at org.apache.catalina.tribes.group.ChannelInterceptorBase.start(ChannelInterceptorBase.java:149)
	at org.apache.catalina.tribes.group.ChannelInterceptorBase.start(ChannelInterceptorBase.java:149)
	at org.apache.catalina.tribes.group.ChannelInterceptorBase.start(ChannelInterceptorBase.java:149)
	at org.apache.catalina.tribes.group.ChannelInterceptorBase.start(ChannelInterceptorBase.java:149)
	at org.apache.catalina.tribes.group.GroupChannel.start(GroupChannel.java:407)
	at org.apache.catalina.tribes.group.interceptors.TestOrderInterceptor$1.run(TestOrderInterceptor.java:73)
Caused by: java.net.SocketException: Can&apos;t assign requested address
	at java.net.PlainDatagramSocketImpl.join(Native Method)
	at java.net.AbstractPlainDatagramSocketImpl.join(AbstractPlainDatagramSocketImpl.java:179)
	at java.net.MulticastSocket.joinGroup(MulticastSocket.java:323)
	at org.apache.catalina.tribes.membership.McastServiceImpl.start(McastServiceImpl.java:233)
	at org.apache.catalina.tribes.membership.McastService.start(McastService.java:374)
	at org.apache.catalina.tribes.group.ChannelCoordinator.internalStart(ChannelCoordinator.java:152)
	... 7 more
Nov 16, 2017 3:09:18 PM org.apache.catalina.tribes.transport.ReceiverBase bind
INFORMATION: Receiver Server Socket bound to:/192.168.99.1:4021
Nov 16, 2017 3:09:18 PM org.apache.catalina.tribes.membership.McastServiceImpl setupSocket
INFORMATION: Setting cluster mcast soTimeout to 500
org.apache.catalina.tribes.ChannelException: java.net.SocketException: Can&apos;t assign requested address; No faulty members identified.
	at org.apache.catalina.tribes.group.ChannelCoordinator.internalStart(ChannelCoordinator.java:167)
	at org.apache.catalina.tribes.group.ChannelCoordinator.start(ChannelCoordinator.java:95)
	at org.apache.catalina.tribes.group.ChannelInterceptorBase.start(ChannelInterceptorBase.java:149)
	at org.apache.catalina.tribes.group.ChannelInterceptorBase.start(ChannelInterceptorBase.java:149)
	at org.apache.catalina.tribes.group.ChannelInterceptorBase.start(ChannelInterceptorBase.java:149)
	at org.apache.catalina.tribes.group.ChannelInterceptorBase.start(ChannelInterceptorBase.java:149)
	at org.apache.catalina.tribes.group.GroupChannel.start(GroupChannel.java:407)
	at org.apache.catalina.tribes.group.interceptors.TestOrderInterceptor$1.run(TestOrderInterceptor.java:73)
Caused by: java.net.SocketException: Can&apos;t assign requested address
	at java.net.PlainDatagramSocketImpl.join(Native Method)
	at java.net.AbstractPlainDatagramSocketImpl.join(AbstractPlainDatagramSocketImpl.java:179)
	at java.net.MulticastSocket.joinGroup(MulticastSocket.java:323)
	at org.apache.catalina.tribes.membership.McastServiceImpl.start(McastServiceImpl.java:233)
	at org.apache.catalina.tribes.membership.McastService.start(McastService.java:374)
	at org.apache.catalina.tribes.group.ChannelCoordinator.internalStart(ChannelCoordinator.java:152)
	... 7 more
</system-err>
  </testcase>
  <testcase classname="org.apache.catalina.tribes.group.interceptors.TestOrderInterceptor" name="testOrder2" time="1.659">
    <failure message="Exception while sending in threads: org.apache.catalina.tribes.ChannelException: No destination given; No faulty members identified." type="java.lang.AssertionError">java.lang.AssertionError: Exception while sending in threads: org.apache.catalina.tribes.ChannelException: No destination given; No faulty members identified.
	at org.junit.Assert.fail(Assert.java:88)
	at org.apache.catalina.tribes.group.interceptors.TestOrderInterceptor.testOrder2(TestOrderInterceptor.java:129)
	at sun.reflect.NativeMethodAccessorImpl.invoke0(Native Method)
	at sun.reflect.NativeMethodAccessorImpl.invoke(NativeMethodAccessorImpl.java:62)
	at sun.reflect.DelegatingMethodAccessorImpl.invoke(DelegatingMethodAccessorImpl.java:43)
	at java.lang.reflect.Method.invoke(Method.java:497)
	at org.junit.runners.model.FrameworkMethod$1.runReflectiveCall(FrameworkMethod.java:50)
	at org.junit.internal.runners.model.ReflectiveCallable.run(ReflectiveCallable.java:12)
	at org.junit.runners.model.FrameworkMethod.invokeExplosively(FrameworkMethod.java:47)
	at org.junit.internal.runners.statements.InvokeMethod.evaluate(InvokeMethod.java:17)
	at org.junit.internal.runners.statements.RunBefores.evaluate(RunBefores.java:26)
	at org.junit.internal.runners.statements.RunAfters.evaluate(RunAfters.java:27)
	at org.junit.runners.ParentRunner.runLeaf(ParentRunner.java:325)
	at org.junit.runners.BlockJUnit4ClassRunner.runChild(BlockJUnit4ClassRunner.java:78)
	at org.junit.runners.BlockJUnit4ClassRunner.runChild(BlockJUnit4ClassRunner.java:57)
	at org.junit.runners.ParentRunner$3.run(ParentRunner.java:290)
	at org.junit.runners.ParentRunner$1.schedule(ParentRunner.java:71)
	at org.junit.runners.ParentRunner.runChildren(ParentRunner.java:288)
	at org.junit.runners.ParentRunner.access$000(ParentRunner.java:58)
	at org.junit.runners.ParentRunner$2.evaluate(ParentRunner.java:268)
	at org.junit.runners.ParentRunner.run(ParentRunner.java:363)
	at org.apache.maven.surefire.junit4.JUnit4Provider.execute(JUnit4Provider.java:252)
	at org.apache.maven.surefire.junit4.JUnit4Provider.executeTestSet(JUnit4Provider.java:141)
	at org.apache.maven.surefire.junit4.JUnit4Provider.invoke(JUnit4Provider.java:112)
	at sun.reflect.NativeMethodAccessorImpl.invoke0(Native Method)
	at sun.reflect.NativeMethodAccessorImpl.invoke(NativeMethodAccessorImpl.java:62)
	at sun.reflect.DelegatingMethodAccessorImpl.invoke(DelegatingMethodAccessorImpl.java:43)
	at java.lang.reflect.Method.invoke(Method.java:497)
	at org.apache.maven.surefire.util.ReflectionUtils.invokeMethodWithArray(ReflectionUtils.java:189)
	at org.apache.maven.surefire.booter.ProviderFactory$ProviderProxy.invoke(ProviderFactory.java:165)
	at org.apache.maven.surefire.booter.ProviderFactory.invokeProvider(ProviderFactory.java:85)
	at org.apache.maven.surefire.booter.ForkedBooter.runSuitesInProcess(ForkedBooter.java:115)
	at org.apache.maven.surefire.booter.ForkedBooter.main(ForkedBooter.java:75)
</failure>
    <system-out>Setup
tearDown
</system-out>
    <system-err>Nov 16, 2017 3:09:20 PM org.apache.catalina.tribes.transport.ReceiverBase bind
INFORMATION: Receiver Server Socket bound to:/192.168.99.1:4022
Nov 16, 2017 3:09:20 PM org.apache.catalina.tribes.membership.McastServiceImpl setupSocket
INFORMATION: Setting cluster mcast soTimeout to 500
org.apache.catalina.tribes.ChannelException: java.net.SocketException: Can&apos;t assign requested address; No faulty members identified.
	at org.apache.catalina.tribes.group.ChannelCoordinator.internalStart(ChannelCoordinator.java:167)
	at org.apache.catalina.tribes.group.ChannelCoordinator.start(ChannelCoordinator.java:95)
	at org.apache.catalina.tribes.group.ChannelInterceptorBase.start(ChannelInterceptorBase.java:149)
	at org.apache.catalina.tribes.group.ChannelInterceptorBase.start(ChannelInterceptorBase.java:149)
	at org.apache.catalina.tribes.group.ChannelInterceptorBase.start(ChannelInterceptorBase.java:149)
	at org.apache.catalina.tribes.group.ChannelInterceptorBase.start(ChannelInterceptorBase.java:149)
	at org.apache.catalina.tribes.group.GroupChannel.start(GroupChannel.java:407)
	at org.apache.catalina.tribes.group.interceptors.TestOrderInterceptor$1.run(TestOrderInterceptor.java:73)
Caused by: java.net.SocketException: Can&apos;t assign requested address
	at java.net.PlainDatagramSocketImpl.join(Native Method)
	at java.net.AbstractPlainDatagramSocketImpl.join(AbstractPlainDatagramSocketImpl.java:179)
	at java.net.MulticastSocket.joinGroup(MulticastSocket.java:323)
	at org.apache.catalina.tribes.membership.McastServiceImpl.start(McastServiceImpl.java:233)
	at org.apache.catalina.tribes.membership.McastService.start(McastService.java:374)
	at org.apache.catalina.tribes.group.ChannelCoordinator.internalStart(ChannelCoordinator.java:152)
	... 7 more
Nov 16, 2017 3:09:20 PM org.apache.catalina.tribes.transport.ReceiverBase bind
INFORMATION: Receiver Server Socket bound to:/192.168.99.1:4023
Nov 16, 2017 3:09:20 PM org.apache.catalina.tribes.membership.McastServiceImpl setupSocket
INFORMATION: Setting cluster mcast soTimeout to 500
org.apache.catalina.tribes.ChannelException: java.net.SocketException: Can&apos;t assign requested address; No faulty members identified.
	at org.apache.catalina.tribes.group.ChannelCoordinator.internalStart(ChannelCoordinator.java:167)
	at org.apache.catalina.tribes.group.ChannelCoordinator.start(ChannelCoordinator.java:95)
	at org.apache.catalina.tribes.group.ChannelInterceptorBase.start(ChannelInterceptorBase.java:149)
	at org.apache.catalina.tribes.group.ChannelInterceptorBase.start(ChannelInterceptorBase.java:149)
	at org.apache.catalina.tribes.group.ChannelInterceptorBase.start(ChannelInterceptorBase.java:149)
	at org.apache.catalina.tribes.group.ChannelInterceptorBase.start(ChannelInterceptorBase.java:149)
	at org.apache.catalina.tribes.group.GroupChannel.start(GroupChannel.java:407)
	at org.apache.catalina.tribes.group.interceptors.TestOrderInterceptor$1.run(TestOrderInterceptor.java:73)
Caused by: java.net.SocketException: Can&apos;t assign requested address
	at java.net.PlainDatagramSocketImpl.join(Native Method)
	at java.net.AbstractPlainDatagramSocketImpl.join(AbstractPlainDatagramSocketImpl.java:179)
	at java.net.MulticastSocket.joinGroup(MulticastSocket.java:323)
	at org.apache.catalina.tribes.membership.McastServiceImpl.start(McastServiceImpl.java:233)
	at org.apache.catalina.tribes.membership.McastService.start(McastService.java:374)
	at org.apache.catalina.tribes.group.ChannelCoordinator.internalStart(ChannelCoordinator.java:152)
	... 7 more
</system-err>
  </testcase>
</testsuite>