<?xml version="1.0" encoding="UTF-8" ?>
<testsuite tests="41" failures="0" name="org.apache.catalina.core.TestApplicationContext" time="42.224" errors="0" skipped="0">
  <properties>
[...]
</properties>
  <testcase classname="org.apache.catalina.core.TestApplicationContext" name="testGetRequestDispatcherEncodedTraversal" time="1.065"/>
  <testcase classname="org.apache.catalina.core.TestApplicationContext" name="testGetRequestDispatcherNullPath01" time="1.035"/>
  <testcase classname="org.apache.catalina.core.TestApplicationContext" name="testGetRequestDispatcherNullPath02" time="1.035"/>
  <testcase classname="org.apache.catalina.core.TestApplicationContext" name="testGetRequestDispatcher01" time="1.037"/>
  <testcase classname="org.apache.catalina.core.TestApplicationContext" name="testGetRequestDispatcher02" time="1.034"/>
  <testcase classname="org.apache.catalina.core.TestApplicationContext" name="testGetRequestDispatcher03" time="1.032"/>
  <testcase classname="org.apache.catalina.core.TestApplicationContext" name="testGetRequestDispatcher04" time="1.028"/>
  <testcase classname="org.apache.catalina.core.TestApplicationContext" name="testGetRequestDispatcher05" time="1.031"/>
  <testcase classname="org.apache.catalina.core.TestApplicationContext" name="testGetRequestDispatcher06" time="1.031"/>
  <testcase classname="org.apache.catalina.core.TestApplicationContext" name="testGetRequestDispatcher11" time="1.041"/>
  <testcase classname="org.apache.catalina.core.TestApplicationContext" name="testGetRequestDispatcher12" time="1.031"/>
  <testcase classname="org.apache.catalina.core.TestApplicationContext" name="testGetRequestDispatcher13" time="1.026"/>
  <testcase classname="org.apache.catalina.core.TestApplicationContext" name="testGetRequestDispatcher14" time="1.028"/>
  <testcase classname="org.apache.catalina.core.TestApplicationContext" name="testGetRequestDispatcher15" time="1.031"/>
  <testcase classname="org.apache.catalina.core.TestApplicationContext" name="testGetRequestDispatcher16" time="1.029"/>
  <testcase classname="org.apache.catalina.core.TestApplicationContext" name="testGetRequestDispatcher21" time="1.024"/>
  <testcase classname="org.apache.catalina.core.TestApplicationContext" name="testGetRequestDispatcher22" time="1.028"/>
  <testcase classname="org.apache.catalina.core.TestApplicationContext" name="testGetRequestDispatcher23" time="1.023"/>
  <testcase classname="org.apache.catalina.core.TestApplicationContext" name="testGetRequestDispatcher24" time="1.026"/>
  <testcase classname="org.apache.catalina.core.TestApplicationContext" name="testGetRequestDispatcher25" time="1.028"/>
  <testcase classname="org.apache.catalina.core.TestApplicationContext" name="testGetRequestDispatcher26" time="1.028"/>
  <testcase classname="org.apache.catalina.core.TestApplicationContext" name="testGetRequestDispatcher31" time="1.036"/>
  <testcase classname="org.apache.catalina.core.TestApplicationContext" name="testGetRequestDispatcher32" time="1.033"/>
  <testcase classname="org.apache.catalina.core.TestApplicationContext" name="testGetRequestDispatcher33" time="1.03"/>
  <testcase classname="org.apache.catalina.core.TestApplicationContext" name="testGetRequestDispatcher34" time="1.024"/>
  <testcase classname="org.apache.catalina.core.TestApplicationContext" name="testGetRequestDispatcher35" time="1.028"/>
  <testcase classname="org.apache.catalina.core.TestApplicationContext" name="testGetRequestDispatcher36" time="1.026"/>
  <testcase classname="org.apache.catalina.core.TestApplicationContext" name="testGetRequestDispatcher41" time="1.029"/>
  <testcase classname="org.apache.catalina.core.TestApplicationContext" name="testGetRequestDispatcher42" time="1.029"/>
  <testcase classname="org.apache.catalina.core.TestApplicationContext" name="testGetRequestDispatcher43" time="1.024"/>
  <testcase classname="org.apache.catalina.core.TestApplicationContext" name="testGetRequestDispatcher44" time="1.028"/>
  <testcase classname="org.apache.catalina.core.TestApplicationContext" name="testGetRequestDispatcher45" time="1.026"/>
  <testcase classname="org.apache.catalina.core.TestApplicationContext" name="testGetRequestDispatcher46" time="1.026"/>
  <testcase classname="org.apache.catalina.core.TestApplicationContext" name="testGetRequestDispatcherOutsideContextRoot01" time="1.026"/>
  <testcase classname="org.apache.catalina.core.TestApplicationContext" name="testGetRequestDispatcherOutsideContextRoot02" time="1.036"/>
  <testcase classname="org.apache.catalina.core.TestApplicationContext" name="testGetRequestDispatcherTraversal01" time="1.024"/>
  <testcase classname="org.apache.catalina.core.TestApplicationContext" name="testGetRequestDispatcherTraversal02" time="1.025"/>
  <testcase classname="org.apache.catalina.core.TestApplicationContext" name="testGetRequestDispatcherTraversal03" time="1.026"/>
  <testcase classname="org.apache.catalina.core.TestApplicationContext" name="testGetRequestDispatcherTraversal04" time="1.027"/>
  <testcase classname="org.apache.catalina.core.TestApplicationContext" name="testGetRequestDispatcherTraversal05" time="1.026"/>
  <testcase classname="org.apache.catalina.core.TestApplicationContext" name="testGetRequestDispatcherTraversal06" time="1.024"/>
</testsuite>